  test.c
E:\代码\VS\exercises_4_26\exercises_4_26\test.c(299,22): warning C4013: “max”未定义；假设外部返回 int
test.obj : error LNK2019: 无法解析的外部符号 _max，函数 _main 中引用了该符号
E:\代码\VS\exercises_4_26\Debug\exercises_4_26.exe : fatal error LNK1120: 1 个无法解析的外部命令
